::1 - Sat May 09 2020 19:34:16 GMT+0530 (India Standard Time) - GET / HTTP/1.1 500 35 - 5 - Mozilla/5.0 (X11; Linux x86_64) AppleWebKit/537.36 (KHTML, like Gecko) Chrome/81.0.4044.92 Safari/537.36
::1 - Sat May 09 2020 19:35:03 GMT+0530 (India Standard Time) - GET / HTTP/1.1 200 26 - 5 - Mozilla/5.0 (X11; Linux x86_64) AppleWebKit/537.36 (KHTML, like Gecko) Chrome/81.0.4044.92 Safari/537.36
::1 - Sat May 09 2020 19:48:37 GMT+0530 (India Standard Time) - GET / HTTP/1.1 200 - - 30 - Mozilla/5.0 (X11; Linux x86_64) AppleWebKit/537.36 (KHTML, like Gecko) Chrome/81.0.4044.92 Safari/537.36
::1 - Sat May 09 2020 19:48:37 GMT+0530 (India Standard Time) - GET /stylesheets/style.css HTTP/1.1 200 111 - 9 http://localhost:3000/ Mozilla/5.0 (X11; Linux x86_64) AppleWebKit/537.36 (KHTML, like Gecko) Chrome/81.0.4044.92 Safari/537.36
::1 - Sat May 09 2020 19:48:37 GMT+0530 (India Standard Time) - GET /javascripts/html5shiv.min.js HTTP/1.1 200 - - 6 http://localhost:3000/ Mozilla/5.0 (X11; Linux x86_64) AppleWebKit/537.36 (KHTML, like Gecko) Chrome/81.0.4044.92 Safari/537.36
::1 - Sat May 09 2020 19:48:37 GMT+0530 (India Standard Time) - GET /javascripts/html5shiv-printshiv.min.js HTTP/1.1 200 - - 6 http://localhost:3000/ Mozilla/5.0 (X11; Linux x86_64) AppleWebKit/537.36 (KHTML, like Gecko) Chrome/81.0.4044.92 Safari/537.36
::1 - Sat May 09 2020 19:48:37 GMT+0530 (India Standard Time) - GET /javascripts/respond.min.js HTTP/1.1 200 - - 5 http://localhost:3000/ Mozilla/5.0 (X11; Linux x86_64) AppleWebKit/537.36 (KHTML, like Gecko) Chrome/81.0.4044.92 Safari/537.36
::1 - Sat May 09 2020 19:48:37 GMT+0530 (India Standard Time) - GET /javascripts/respond.matchmedia.addListener.min.js HTTP/1.1 200 - - 5 http://localhost:3000/ Mozilla/5.0 (X11; Linux x86_64) AppleWebKit/537.36 (KHTML, like Gecko) Chrome/81.0.4044.92 Safari/537.36
::1 - Sat May 09 2020 19:48:37 GMT+0530 (India Standard Time) - GET /ficon.ico HTTP/1.1 200 - - 1 http://localhost:3000/ Mozilla/5.0 (X11; Linux x86_64) AppleWebKit/537.36 (KHTML, like Gecko) Chrome/81.0.4044.92 Safari/537.36
::1 - Sat May 09 2020 19:49:30 GMT+0530 (India Standard Time) - GET / HTTP/1.1 200 - - 13 - Mozilla/5.0 (X11; Linux x86_64) AppleWebKit/537.36 (KHTML, like Gecko) Chrome/81.0.4044.92 Safari/537.36
::1 - Sat May 09 2020 19:49:30 GMT+0530 (India Standard Time) - GET /stylesheets/style.css HTTP/1.1 304 - - 1 http://localhost:3000/ Mozilla/5.0 (X11; Linux x86_64) AppleWebKit/537.36 (KHTML, like Gecko) Chrome/81.0.4044.92 Safari/537.36
::1 - Sat May 09 2020 19:49:30 GMT+0530 (India Standard Time) - GET /javascripts/html5shiv.min.js HTTP/1.1 304 - - 1 http://localhost:3000/ Mozilla/5.0 (X11; Linux x86_64) AppleWebKit/537.36 (KHTML, like Gecko) Chrome/81.0.4044.92 Safari/537.36
::1 - Sat May 09 2020 19:49:30 GMT+0530 (India Standard Time) - GET /javascripts/html5shiv-printshiv.min.js HTTP/1.1 304 - - 1 http://localhost:3000/ Mozilla/5.0 (X11; Linux x86_64) AppleWebKit/537.36 (KHTML, like Gecko) Chrome/81.0.4044.92 Safari/537.36
::1 - Sat May 09 2020 19:49:30 GMT+0530 (India Standard Time) - GET /javascripts/respond.min.js HTTP/1.1 304 - - 1 http://localhost:3000/ Mozilla/5.0 (X11; Linux x86_64) AppleWebKit/537.36 (KHTML, like Gecko) Chrome/81.0.4044.92 Safari/537.36
::1 - Sat May 09 2020 19:49:30 GMT+0530 (India Standard Time) - GET /javascripts/respond.matchmedia.addListener.min.js HTTP/1.1 304 - - 1 http://localhost:3000/ Mozilla/5.0 (X11; Linux x86_64) AppleWebKit/537.36 (KHTML, like Gecko) Chrome/81.0.4044.92 Safari/537.36
::1 - Sat May 09 2020 19:50:47 GMT+0530 (India Standard Time) - GET / HTTP/1.1 200 364 - 16 - Mozilla/5.0 (X11; Linux x86_64) AppleWebKit/537.36 (KHTML, like Gecko) Chrome/81.0.4044.92 Safari/537.36
::1 - Sat May 09 2020 20:07:41 GMT+0530 (India Standard Time) - GET / HTTP/1.1 200 2 - 345 - Mozilla/5.0 (X11; Linux x86_64) AppleWebKit/537.36 (KHTML, like Gecko) Chrome/81.0.4044.92 Safari/537.36
::1 - Sat May 09 2020 20:07:52 GMT+0530 (India Standard Time) - GET / HTTP/1.1 304 - - 28 - Mozilla/5.0 (X11; Linux x86_64) AppleWebKit/537.36 (KHTML, like Gecko) Chrome/81.0.4044.92 Safari/537.36
::1 - Sat May 09 2020 20:08:43 GMT+0530 (India Standard Time) - GET / HTTP/1.1 200 364 - 1833 - Mozilla/5.0 (X11; Linux x86_64) AppleWebKit/537.36 (KHTML, like Gecko) Chrome/81.0.4044.92 Safari/537.36
::1 - Sun May 10 2020 12:51:08 GMT+0530 (India Standard Time) - GET / HTTP/1.1 200 - - 34 - PostmanRuntime/7.17.1
::1 - Sun May 10 2020 12:54:43 GMT+0530 (India Standard Time) - GET / HTTP/1.1 200 19 - 6 - PostmanRuntime/7.17.1
::1 - Sun May 10 2020 12:54:50 GMT+0530 (India Standard Time) - GET /body HTTP/1.1 200 364 - 13 - PostmanRuntime/7.17.1
::1 - Sun May 10 2020 12:56:52 GMT+0530 (India Standard Time) - GET /body HTTP/1.1 200 364 - 14 http://localhost:3000/api-docs Mozilla/5.0 (X11; Linux x86_64) AppleWebKit/537.36 (KHTML, like Gecko) Chrome/81.0.4044.92 Safari/537.36
::1 - Sun May 10 2020 13:04:15 GMT+0530 (India Standard Time) - GET /body HTTP/1.1 200 408 - 20 - PostmanRuntime/7.17.1
::1 - Sun May 10 2020 13:06:02 GMT+0530 (India Standard Time) - GET /body HTTP/1.1 200 408 - 20 - PostmanRuntime/7.17.1
::1 - Sun May 10 2020 13:06:45 GMT+0530 (India Standard Time) - GET /body HTTP/1.1 200 408 - 17 - PostmanRuntime/7.17.1
::1 - Sun May 10 2020 13:07:15 GMT+0530 (India Standard Time) - GET /body HTTP/1.1 200 408 - 20 - PostmanRuntime/7.17.1
::1 - Sun May 10 2020 13:07:46 GMT+0530 (India Standard Time) - GET /body HTTP/1.1 200 364 - 20 - PostmanRuntime/7.17.1
::1 - Sun May 10 2020 13:08:01 GMT+0530 (India Standard Time) - GET /body?lang=hi HTTP/1.1 200 370 - 3 - PostmanRuntime/7.17.1
::1 - Sun May 10 2020 13:08:24 GMT+0530 (India Standard Time) - GET /body?lang=gu HTTP/1.1 200 367 - 2 - PostmanRuntime/7.17.1
::1 - Sun May 10 2020 13:09:37 GMT+0530 (India Standard Time) - GET /body HTTP/1.1 200 364 - 3 - PostmanRuntime/7.17.1
::1 - Sun May 10 2020 13:14:48 GMT+0530 (India Standard Time) - GET /body HTTP/1.1 304 - - 12 http://localhost:3000/api-docs Mozilla/5.0 (X11; Linux x86_64) AppleWebKit/537.36 (KHTML, like Gecko) Chrome/81.0.4044.92 Safari/537.36
::1 - Sun May 10 2020 13:14:58 GMT+0530 (India Standard Time) - GET /body HTTP/1.1 304 - - 3 http://localhost:3000/api-docs Mozilla/5.0 (X11; Linux x86_64) AppleWebKit/537.36 (KHTML, like Gecko) Chrome/81.0.4044.92 Safari/537.36
::1 - Sun May 10 2020 13:15:08 GMT+0530 (India Standard Time) - GET /body HTTP/1.1 304 - - 2 http://localhost:3000/api-docs Mozilla/5.0 (X11; Linux x86_64) AppleWebKit/537.36 (KHTML, like Gecko) Chrome/81.0.4044.92 Safari/537.36
::1 - Sun May 10 2020 13:18:34 GMT+0530 (India Standard Time) - GET /body/%7Blang%7D HTTP/1.1 404 35 - 4 http://localhost:3000/api-docs Mozilla/5.0 (X11; Linux x86_64) AppleWebKit/537.36 (KHTML, like Gecko) Chrome/81.0.4044.92 Safari/537.36
::1 - Sun May 10 2020 13:19:15 GMT+0530 (India Standard Time) - GET /body?lang={lang} HTTP/1.1 200 347 - 16 http://localhost:3000/api-docs Mozilla/5.0 (X11; Linux x86_64) AppleWebKit/537.36 (KHTML, like Gecko) Chrome/81.0.4044.92 Safari/537.36
::1 - Sun May 10 2020 13:22:40 GMT+0530 (India Standard Time) - GET /body?lang=en HTTP/1.1 200 364 - 14 http://localhost:3000/api-docs Mozilla/5.0 (X11; Linux x86_64) AppleWebKit/537.36 (KHTML, like Gecko) Chrome/81.0.4044.92 Safari/537.36
::1 - Sun May 10 2020 13:23:03 GMT+0530 (India Standard Time) - GET /body HTTP/1.1 304 - - 14 http://localhost:3000/api-docs Mozilla/5.0 (X11; Linux x86_64) AppleWebKit/537.36 (KHTML, like Gecko) Chrome/81.0.4044.92 Safari/537.36
::1 - Sun May 10 2020 13:23:10 GMT+0530 (India Standard Time) - GET /body?lang=hi HTTP/1.1 200 370 - 2 http://localhost:3000/api-docs Mozilla/5.0 (X11; Linux x86_64) AppleWebKit/537.36 (KHTML, like Gecko) Chrome/81.0.4044.92 Safari/537.36
::1 - Sun May 10 2020 13:23:20 GMT+0530 (India Standard Time) - GET /body HTTP/1.1 304 - - 3 http://localhost:3000/api-docs Mozilla/5.0 (X11; Linux x86_64) AppleWebKit/537.36 (KHTML, like Gecko) Chrome/81.0.4044.92 Safari/537.36
